<?xml version="1.0" encoding="UTF-8"?>
<!-- Generated by org.testng.reporters.JUnitXMLReporter -->
<testsuite ignored="0" hostname="Shahnozas-MacBook-Air.local" failures="0" tests="3" name="TestNGProject" time="15.559" errors="0" timestamp="2023-02-09T19:18:11 MST">
  <testcase classname="test.LoginTest" name="validAdminLogin" time="1.527"/>
  <testcase classname="test.LoginTest" name="validUserEmptyPassword" time="0.162"/>
  <testcase classname="test.LoginTest" name="validUserInvalidPassword" time="0.681"/>
</testsuite> <!-- TestNGProject -->
