<?xml version="1.0" encoding="UTF-8"?>
<!-- Generated by org.testng.reporters.JUnitXMLReporter -->
<testsuite ignored="0" hostname="Shahnozas-MacBook-Air.local" failures="0" tests="3" name="Login Test" time="14.521" errors="0" timestamp="2023-02-09T20:00:57 MST">
  <testcase classname="test.LoginTest" name="validAdminLogin" time="1.005"/>
  <testcase classname="test.LoginTest" name="validUserInvalidPassword" time="0.671"/>
  <testcase classname="test.LoginTest" name="validUserEmptyPassword" time="0.14"/>
</testsuite> <!-- Login Test -->
