<?xml version="1.0" encoding="UTF-8"?>
<!-- Generated by org.testng.reporters.JUnitXMLReporter -->
<testsuite ignored="2" hostname="Shahnozas-MacBook-Air.local" failures="0" tests="2" name="Regression Test" time="0.026" errors="0" timestamp="2023-02-10T19:15:18 MST">
  <testcase classname="com.exelenter.class04._01_GroupsDemo" name="test3" time="0.004"/>
  <testcase classname="com.exelenter.class04._01_GroupsDemo" name="test4" time="0.0"/>
  <testcase classname="com.exelenter.class04._01_GroupsDemo" name="test2" time="0.0">
    <ignored/>
  </testcase> <!-- test2 -->
  <testcase classname="com.exelenter.class04._01_GroupsDemo" name="test1" time="0.0">
    <ignored/>
  </testcase> <!-- test1 -->
</testsuite> <!-- Regression Test -->
