<?xml version="1.0" encoding="UTF-8"?>
<!-- Generated by org.testng.reporters.JUnitXMLReporter -->
<testsuite ignored="1" hostname="Shahnozas-MacBook-Air.local" failures="0" tests="2" name="Login Test" time="9.891" errors="0" timestamp="2023-02-09T19:42:52 MST">
  <testcase classname="test.LoginTest" name="validUserInvalidPassword" time="0.63"/>
  <testcase classname="test.LoginTest" name="validUserEmptyPassword" time="0.153"/>
  <testcase classname="test.LoginTest" name="validAdminLogin" time="0.0">
    <ignored/>
  </testcase> <!-- validAdminLogin -->
</testsuite> <!-- Login Test -->
