<?xml version="1.0" encoding="UTF-8"?>
<!-- Generated by org.testng.reporters.JUnitXMLReporter -->
<testsuite ignored="0" hostname="Shahnozas-MacBook-Air.local" failures="0" tests="4" name="Excel Test" time="49.088" errors="0" timestamp="2023-02-17T20:35:25 MST">
  <testcase classname="com.exelenter.class05._02_AddEmployeeFromExcel" name="addEmployeeTest" time="7.779"/>
  <testcase classname="com.exelenter.class05._02_AddEmployeeFromExcel" name="addEmployeeTest" time="7.221"/>
  <testcase classname="com.exelenter.class05._02_AddEmployeeFromExcel" name="addEmployeeTest" time="7.865"/>
  <testcase classname="com.exelenter.class05._02_AddEmployeeFromExcel" name="addEmployeeTest" time="8.007"/>
</testsuite> <!-- Excel Test -->
