<?xml version="1.0" encoding="UTF-8"?>
<!-- Generated by org.testng.reporters.JUnitXMLReporter -->
<testsuite ignored="0" hostname="Shahnozas-MacBook-Air.local" failures="4" tests="4" name="Read From Excel Test" time="0.418" errors="0" timestamp="2023-02-17T20:22:16 MST">
  <testcase classname="com.exelenter.class05._02_AddEmployeeFromExcel" name="addEmployeeTest" time="0.003">
    <failure type="java.lang.NullPointerException" message="Cannot invoke &amp;quot;pages.LoginPage.loginToWebsite(String, String)&amp;quot; because &amp;quot;com.exelenter.class05._02_AddEmployeeFromExcel.loginPage&amp;quot; is null">
        <![CDATA[java.lang.NullPointerException: Cannot invoke "pages.LoginPage.loginToWebsite(String, String)" because "com.exelenter.class05._02_AddEmployeeFromExcel.loginPage" is null
at com.exelenter.class05._02_AddEmployeeFromExcel.addEmployeeTest(_02_HW_AddEmployee.java:30)
at java.base/java.util.ArrayList.forEach(ArrayList.java:1511)
at com.intellij.rt.testng.IDEARemoteTestNG.run(IDEARemoteTestNG.java:66)
at com.intellij.rt.testng.RemoteTestNGStarter.main(RemoteTestNGStarter.java:109)
... Removed 22 stack frames]]>
    </failure>
  </testcase> <!-- addEmployeeTest -->
  <testcase classname="com.exelenter.class05._02_AddEmployeeFromExcel" name="addEmployeeTest" time="0.0">
    <failure type="java.lang.NullPointerException" message="Cannot invoke &amp;quot;pages.LoginPage.loginToWebsite(String, String)&amp;quot; because &amp;quot;com.exelenter.class05._02_AddEmployeeFromExcel.loginPage&amp;quot; is null">
        <![CDATA[java.lang.NullPointerException: Cannot invoke "pages.LoginPage.loginToWebsite(String, String)" because "com.exelenter.class05._02_AddEmployeeFromExcel.loginPage" is null
at com.exelenter.class05._02_AddEmployeeFromExcel.addEmployeeTest(_02_HW_AddEmployee.java:30)
at java.base/java.util.ArrayList.forEach(ArrayList.java:1511)
at com.intellij.rt.testng.IDEARemoteTestNG.run(IDEARemoteTestNG.java:66)
at com.intellij.rt.testng.RemoteTestNGStarter.main(RemoteTestNGStarter.java:109)
... Removed 22 stack frames]]>
    </failure>
  </testcase> <!-- addEmployeeTest -->
  <testcase classname="com.exelenter.class05._02_AddEmployeeFromExcel" name="addEmployeeTest" time="0.0">
    <failure type="java.lang.NullPointerException" message="Cannot invoke &amp;quot;pages.LoginPage.loginToWebsite(String, String)&amp;quot; because &amp;quot;com.exelenter.class05._02_AddEmployeeFromExcel.loginPage&amp;quot; is null">
        <![CDATA[java.lang.NullPointerException: Cannot invoke "pages.LoginPage.loginToWebsite(String, String)" because "com.exelenter.class05._02_AddEmployeeFromExcel.loginPage" is null
at com.exelenter.class05._02_AddEmployeeFromExcel.addEmployeeTest(_02_HW_AddEmployee.java:30)
at java.base/java.util.ArrayList.forEach(ArrayList.java:1511)
at com.intellij.rt.testng.IDEARemoteTestNG.run(IDEARemoteTestNG.java:66)
at com.intellij.rt.testng.RemoteTestNGStarter.main(RemoteTestNGStarter.java:109)
... Removed 22 stack frames]]>
    </failure>
  </testcase> <!-- addEmployeeTest -->
  <testcase classname="com.exelenter.class05._02_AddEmployeeFromExcel" name="addEmployeeTest" time="0.001">
    <failure type="java.lang.NullPointerException" message="Cannot invoke &amp;quot;pages.LoginPage.loginToWebsite(String, String)&amp;quot; because &amp;quot;com.exelenter.class05._02_AddEmployeeFromExcel.loginPage&amp;quot; is null">
        <![CDATA[java.lang.NullPointerException: Cannot invoke "pages.LoginPage.loginToWebsite(String, String)" because "com.exelenter.class05._02_AddEmployeeFromExcel.loginPage" is null
at com.exelenter.class05._02_AddEmployeeFromExcel.addEmployeeTest(_02_HW_AddEmployee.java:30)
at java.base/java.util.ArrayList.forEach(ArrayList.java:1511)
at com.intellij.rt.testng.IDEARemoteTestNG.run(IDEARemoteTestNG.java:66)
at com.intellij.rt.testng.RemoteTestNGStarter.main(RemoteTestNGStarter.java:109)
... Removed 22 stack frames]]>
    </failure>
  </testcase> <!-- addEmployeeTest -->
</testsuite> <!-- Read From Excel Test -->
