<?xml version="1.0" encoding="UTF-8"?>
<!-- Generated by org.testng.reporters.JUnitXMLReporter -->
<testsuite ignored="0" hostname="Shahnozas-MacBook-Air.local" failures="0" tests="1" name="/Users/shahnoza/IdeaProjects/TestNGProject/src/test/AddEmployeeTest.java" time="8.093" errors="0" timestamp="2023-02-09T19:28:12 MST">
  <testcase classname="test.AddEmployeeTest" name="addEmployeeTest" time="2.977"/>
</testsuite> <!-- /Users/shahnoza/IdeaProjects/TestNGProject/src/test/AddEmployeeTest.java -->
