<?xml version="1.0" encoding="UTF-8"?>
<testng-results ignored="0" total="8" passed="8" failed="0" skipped="0">
  <reporter-output>
  </reporter-output>
  <suite started-at="2023-02-20T18:28:24 MST" name="Default Suite" finished-at="2023-02-20T18:29:03 MST" duration-ms="39430">
    <groups>
    </groups>
    <test started-at="2023-02-20T18:28:24 MST" name="TestNGProject" finished-at="2023-02-20T18:29:03 MST" duration-ms="39430">
      <class name="com.exelenter.class05._03_HW_LoginTestNegative">
        <test-method is-config="true" signature="setUp()[pri:0, instance:com.exelenter.class05._03_HW_LoginTestNegative@59717824]" started-at="2023-02-20T18:28:24 MST" name="setUp" finished-at="2023-02-20T18:28:27 MST" duration-ms="2931" status="PASS">
          <reporter-output>
          </reporter-output>
        </test-method> <!-- setUp -->
        <test-method signature="userLogin(java.lang.String, java.lang.String, java.lang.String)[pri:0, instance:com.exelenter.class05._03_HW_LoginTestNegative@59717824]" started-at="2023-02-20T18:28:27 MST" name="userLogin" data-provider="getData" finished-at="2023-02-20T18:28:27 MST" duration-ms="712" status="PASS">
          <params>
            <param index="0">
              <value>
                <![CDATA[Admin]]>
              </value>
            </param>
            <param index="1">
              <value>
                <![CDATA[invalidPass]]>
              </value>
            </param>
            <param index="2">
              <value>
                <![CDATA[Invalid credentials]]>
              </value>
            </param>
          </params>
          <reporter-output>
          </reporter-output>
        </test-method> <!-- userLogin -->
        <test-method is-config="true" signature="tearDown()[pri:0, instance:com.exelenter.class05._03_HW_LoginTestNegative@59717824]" started-at="2023-02-20T18:28:27 MST" name="tearDown" finished-at="2023-02-20T18:28:30 MST" duration-ms="2116" status="PASS">
          <reporter-output>
          </reporter-output>
        </test-method> <!-- tearDown -->
        <test-method is-config="true" signature="setUp()[pri:0, instance:com.exelenter.class05._03_HW_LoginTestNegative@59717824]" started-at="2023-02-20T18:28:30 MST" name="setUp" finished-at="2023-02-20T18:28:32 MST" duration-ms="2119" status="PASS">
          <reporter-output>
          </reporter-output>
        </test-method> <!-- setUp -->
        <test-method signature="userLogin(java.lang.String, java.lang.String, java.lang.String)[pri:0, instance:com.exelenter.class05._03_HW_LoginTestNegative@59717824]" started-at="2023-02-20T18:28:32 MST" name="userLogin" data-provider="getData" finished-at="2023-02-20T18:28:32 MST" duration-ms="500" status="PASS">
          <params>
            <param index="0">
              <value>
                <![CDATA[admi123]]>
              </value>
            </param>
            <param index="1">
              <value>
                <![CDATA[Exelent2022Sdet!]]>
              </value>
            </param>
            <param index="2">
              <value>
                <![CDATA[Invalid credentials]]>
              </value>
            </param>
          </params>
          <reporter-output>
          </reporter-output>
        </test-method> <!-- userLogin -->
        <test-method is-config="true" signature="tearDown()[pri:0, instance:com.exelenter.class05._03_HW_LoginTestNegative@59717824]" started-at="2023-02-20T18:28:32 MST" name="tearDown" finished-at="2023-02-20T18:28:34 MST" duration-ms="2114" status="PASS">
          <reporter-output>
          </reporter-output>
        </test-method> <!-- tearDown -->
        <test-method is-config="true" signature="setUp()[pri:0, instance:com.exelenter.class05._03_HW_LoginTestNegative@59717824]" started-at="2023-02-20T18:28:34 MST" name="setUp" finished-at="2023-02-20T18:28:36 MST" duration-ms="1997" status="PASS">
          <reporter-output>
          </reporter-output>
        </test-method> <!-- setUp -->
        <test-method signature="userLogin(java.lang.String, java.lang.String, java.lang.String)[pri:0, instance:com.exelenter.class05._03_HW_LoginTestNegative@59717824]" started-at="2023-02-20T18:28:36 MST" name="userLogin" data-provider="getData" finished-at="2023-02-20T18:28:37 MST" duration-ms="465" status="PASS">
          <params>
            <param index="0">
              <value>
                <![CDATA[admi123]]>
              </value>
            </param>
            <param index="1">
              <value>
                <![CDATA[invalidPass]]>
              </value>
            </param>
            <param index="2">
              <value>
                <![CDATA[Invalid credentials]]>
              </value>
            </param>
          </params>
          <reporter-output>
          </reporter-output>
        </test-method> <!-- userLogin -->
        <test-method is-config="true" signature="tearDown()[pri:0, instance:com.exelenter.class05._03_HW_LoginTestNegative@59717824]" started-at="2023-02-20T18:28:37 MST" name="tearDown" finished-at="2023-02-20T18:28:39 MST" duration-ms="2112" status="PASS">
          <reporter-output>
          </reporter-output>
        </test-method> <!-- tearDown -->
        <test-method is-config="true" signature="setUp()[pri:0, instance:com.exelenter.class05._03_HW_LoginTestNegative@59717824]" started-at="2023-02-20T18:28:39 MST" name="setUp" finished-at="2023-02-20T18:28:41 MST" duration-ms="1974" status="PASS">
          <reporter-output>
          </reporter-output>
        </test-method> <!-- setUp -->
        <test-method signature="userLogin(java.lang.String, java.lang.String, java.lang.String)[pri:0, instance:com.exelenter.class05._03_HW_LoginTestNegative@59717824]" started-at="2023-02-20T18:28:41 MST" name="userLogin" data-provider="getData" finished-at="2023-02-20T18:28:41 MST" duration-ms="246" status="PASS">
          <params>
            <param index="0">
              <value>
                <![CDATA[Admin]]>
              </value>
            </param>
            <param index="1">
              <value>
                <![CDATA[]]>
              </value>
            </param>
            <param index="2">
              <value>
                <![CDATA[Password cannot be empty]]>
              </value>
            </param>
          </params>
          <reporter-output>
          </reporter-output>
        </test-method> <!-- userLogin -->
        <test-method is-config="true" signature="tearDown()[pri:0, instance:com.exelenter.class05._03_HW_LoginTestNegative@59717824]" started-at="2023-02-20T18:28:41 MST" name="tearDown" finished-at="2023-02-20T18:28:43 MST" duration-ms="2114" status="PASS">
          <reporter-output>
          </reporter-output>
        </test-method> <!-- tearDown -->
        <test-method is-config="true" signature="setUp()[pri:0, instance:com.exelenter.class05._03_HW_LoginTestNegative@59717824]" started-at="2023-02-20T18:28:43 MST" name="setUp" finished-at="2023-02-20T18:28:45 MST" duration-ms="2014" status="PASS">
          <reporter-output>
          </reporter-output>
        </test-method> <!-- setUp -->
        <test-method signature="userLogin(java.lang.String, java.lang.String, java.lang.String)[pri:0, instance:com.exelenter.class05._03_HW_LoginTestNegative@59717824]" started-at="2023-02-20T18:28:45 MST" name="userLogin" data-provider="getData" finished-at="2023-02-20T18:28:45 MST" duration-ms="210" status="PASS">
          <params>
            <param index="0">
              <value>
                <![CDATA[Admi123]]>
              </value>
            </param>
            <param index="1">
              <value>
                <![CDATA[]]>
              </value>
            </param>
            <param index="2">
              <value>
                <![CDATA[Password cannot be empty]]>
              </value>
            </param>
          </params>
          <reporter-output>
          </reporter-output>
        </test-method> <!-- userLogin -->
        <test-method is-config="true" signature="tearDown()[pri:0, instance:com.exelenter.class05._03_HW_LoginTestNegative@59717824]" started-at="2023-02-20T18:28:45 MST" name="tearDown" finished-at="2023-02-20T18:28:48 MST" duration-ms="2110" status="PASS">
          <reporter-output>
          </reporter-output>
        </test-method> <!-- tearDown -->
        <test-method is-config="true" signature="setUp()[pri:0, instance:com.exelenter.class05._03_HW_LoginTestNegative@59717824]" started-at="2023-02-20T18:28:48 MST" name="setUp" finished-at="2023-02-20T18:28:50 MST" duration-ms="2118" status="PASS">
          <reporter-output>
          </reporter-output>
        </test-method> <!-- setUp -->
        <test-method signature="userLogin(java.lang.String, java.lang.String, java.lang.String)[pri:0, instance:com.exelenter.class05._03_HW_LoginTestNegative@59717824]" started-at="2023-02-20T18:28:50 MST" name="userLogin" data-provider="getData" finished-at="2023-02-20T18:28:50 MST" duration-ms="217" status="PASS">
          <params>
            <param index="0">
              <value>
                <![CDATA[]]>
              </value>
            </param>
            <param index="1">
              <value>
                <![CDATA[Exelent2022Sdet!]]>
              </value>
            </param>
            <param index="2">
              <value>
                <![CDATA[Username cannot be empty]]>
              </value>
            </param>
          </params>
          <reporter-output>
          </reporter-output>
        </test-method> <!-- userLogin -->
        <test-method is-config="true" signature="tearDown()[pri:0, instance:com.exelenter.class05._03_HW_LoginTestNegative@59717824]" started-at="2023-02-20T18:28:50 MST" name="tearDown" finished-at="2023-02-20T18:28:52 MST" duration-ms="2113" status="PASS">
          <reporter-output>
          </reporter-output>
        </test-method> <!-- tearDown -->
        <test-method is-config="true" signature="setUp()[pri:0, instance:com.exelenter.class05._03_HW_LoginTestNegative@59717824]" started-at="2023-02-20T18:28:52 MST" name="setUp" finished-at="2023-02-20T18:28:55 MST" duration-ms="3184" status="PASS">
          <reporter-output>
          </reporter-output>
        </test-method> <!-- setUp -->
        <test-method signature="userLogin(java.lang.String, java.lang.String, java.lang.String)[pri:0, instance:com.exelenter.class05._03_HW_LoginTestNegative@59717824]" started-at="2023-02-20T18:28:55 MST" name="userLogin" data-provider="getData" finished-at="2023-02-20T18:28:55 MST" duration-ms="209" status="PASS">
          <params>
            <param index="0">
              <value>
                <![CDATA[]]>
              </value>
            </param>
            <param index="1">
              <value>
                <![CDATA[invalidPass]]>
              </value>
            </param>
            <param index="2">
              <value>
                <![CDATA[Username cannot be empty]]>
              </value>
            </param>
          </params>
          <reporter-output>
          </reporter-output>
        </test-method> <!-- userLogin -->
        <test-method is-config="true" signature="tearDown()[pri:0, instance:com.exelenter.class05._03_HW_LoginTestNegative@59717824]" started-at="2023-02-20T18:28:55 MST" name="tearDown" finished-at="2023-02-20T18:28:58 MST" duration-ms="2111" status="PASS">
          <reporter-output>
          </reporter-output>
        </test-method> <!-- tearDown -->
        <test-method is-config="true" signature="setUp()[pri:0, instance:com.exelenter.class05._03_HW_LoginTestNegative@59717824]" started-at="2023-02-20T18:28:58 MST" name="setUp" finished-at="2023-02-20T18:29:01 MST" duration-ms="3442" status="PASS">
          <reporter-output>
          </reporter-output>
        </test-method> <!-- setUp -->
        <test-method signature="userLogin(java.lang.String, java.lang.String, java.lang.String)[pri:0, instance:com.exelenter.class05._03_HW_LoginTestNegative@59717824]" started-at="2023-02-20T18:29:01 MST" name="userLogin" data-provider="getData" finished-at="2023-02-20T18:29:01 MST" duration-ms="159" status="PASS">
          <params>
            <param index="0">
              <value>
                <![CDATA[]]>
              </value>
            </param>
            <param index="1">
              <value>
                <![CDATA[]]>
              </value>
            </param>
            <param index="2">
              <value>
                <![CDATA[Username cannot be empty]]>
              </value>
            </param>
          </params>
          <reporter-output>
          </reporter-output>
        </test-method> <!-- userLogin -->
        <test-method is-config="true" signature="tearDown()[pri:0, instance:com.exelenter.class05._03_HW_LoginTestNegative@59717824]" started-at="2023-02-20T18:29:01 MST" name="tearDown" finished-at="2023-02-20T18:29:03 MST" duration-ms="2111" status="PASS">
          <reporter-output>
          </reporter-output>
        </test-method> <!-- tearDown -->
      </class> <!-- com.exelenter.class05._03_HW_LoginTestNegative -->
    </test> <!-- TestNGProject -->
  </suite> <!-- Default Suite -->
</testng-results>
