<?xml version="1.0" encoding="UTF-8"?>
<!-- Generated by org.testng.reporters.JUnitXMLReporter -->
<testsuite ignored="2" hostname="Shahnozas-MacBook-Air.local" failures="0" tests="2" name="Group test" time="0.019" errors="0" timestamp="2023-02-10T19:14:34 MST">
  <testcase classname="com.exelenter.class04._01_GroupsDemo" name="test2" time="0.002"/>
  <testcase classname="com.exelenter.class04._01_GroupsDemo" name="test4" time="0.001"/>
  <testcase classname="com.exelenter.class04._01_GroupsDemo" name="test3" time="0.0">
    <ignored/>
  </testcase> <!-- test3 -->
  <testcase classname="com.exelenter.class04._01_GroupsDemo" name="test1" time="0.0">
    <ignored/>
  </testcase> <!-- test1 -->
</testsuite> <!-- Group test -->
